<?xml version="1.0" encoding="UTF-8"?>
<!-- Generated by org.testng.reporters.JUnitReportReporter -->
<testsuite hostname="shavdas-MacBook-Pro.local" failures="0" tests="7" name="com.progressiveProjectTestcases.TestingArea" time="98.217" errors="1" timestamp="2021-01-24T16:31:43 EST" skipped="0">
  <testcase classname="com.progressiveProjectTestcases.TestingArea" name="verifyHomePage" time="0.525"/>
  <system-out/>
  <testcase classname="com.progressiveProjectTestcases.TestingArea" name="onlyAutoHomepage" time="3.852"/>
  <system-out/>
  <testcase classname="com.progressiveProjectTestcases.TestingArea" name="personalInformationForstartQuote" time="19.928"/>
  <system-out/>
  <testcase classname="com.progressiveProjectTestcases.TestingArea" name="vehiclesInformation" time="27.614">
    <error message="Cannot invoke &quot;String.equals(Object)&quot; because &quot;ids&quot; is null" type="java.lang.NullPointerException">
      <![CDATA[java.lang.NullPointerException: Cannot invoke "String.equals(Object)" because "ids" is null
at com.progressiveInsurance.TellUsAboutVehicle.garageAddress(TellUsAboutVehicle.java:197)
at com.progressiveProjectTestcases.TestingArea.vehiclesInformation(TestingArea.java:208)
at java.base/jdk.internal.reflect.NativeMethodAccessorImpl.invoke0(Native Method)
at java.base/jdk.internal.reflect.NativeMethodAccessorImpl.invoke(NativeMethodAccessorImpl.java:64)
at java.base/jdk.internal.reflect.DelegatingMethodAccessorImpl.invoke(DelegatingMethodAccessorImpl.java:43)
at java.base/java.lang.reflect.Method.invoke(Method.java:564)
at org.testng.internal.MethodInvocationHelper.invokeMethod(MethodInvocationHelper.java:132)
at org.testng.internal.TestInvoker.invokeMethod(TestInvoker.java:599)
at org.testng.internal.TestInvoker.invokeTestMethod(TestInvoker.java:174)
at org.testng.internal.MethodRunner.runInSequence(MethodRunner.java:46)
at org.testng.internal.TestInvoker$MethodInvocationAgent.invoke(TestInvoker.java:822)
at org.testng.internal.TestInvoker.invokeTestMethods(TestInvoker.java:147)
at org.testng.internal.TestMethodWorker.invokeTestMethods(TestMethodWorker.java:146)
at org.testng.internal.TestMethodWorker.run(TestMethodWorker.java:128)
at java.base/java.util.ArrayList.forEach(ArrayList.java:1511)
at org.testng.TestRunner.privateRun(TestRunner.java:764)
at org.testng.TestRunner.run(TestRunner.java:585)
at org.testng.SuiteRunner.runTest(SuiteRunner.java:384)
at org.testng.SuiteRunner.runSequentially(SuiteRunner.java:378)
at org.testng.SuiteRunner.privateRun(SuiteRunner.java:337)
at org.testng.SuiteRunner.run(SuiteRunner.java:286)
at org.testng.SuiteRunnerWorker.runSuite(SuiteRunnerWorker.java:53)
at org.testng.SuiteRunnerWorker.run(SuiteRunnerWorker.java:96)
at org.testng.TestNG.runSuitesSequentially(TestNG.java:1218)
at org.testng.TestNG.runSuitesLocally(TestNG.java:1140)
at org.testng.TestNG.runSuites(TestNG.java:1069)
at org.testng.TestNG.run(TestNG.java:1037)
at org.testng.remote.AbstractRemoteTestNG.run(AbstractRemoteTestNG.java:115)
at org.testng.remote.RemoteTestNG.initAndRun(RemoteTestNG.java:251)
at org.testng.remote.RemoteTestNG.main(RemoteTestNG.java:77)
]]>
    </error>
  </testcase> <!-- vehiclesInformation -->
  <system-out/>
  <testcase classname="com.progressiveProjectTestcases.TestingArea" name="moreInformationAboutOwner" time="28.888"/>
  <system-out/>
  <testcase classname="com.progressiveProjectTestcases.TestingArea" name="previousInsuranceInformation" time="10.468"/>
  <system-out/>
  <testcase classname="com.progressiveProjectTestcases.TestingArea" name="Nothanksauto" time="6.942"/>
  <system-out/>
</testsuite> <!-- com.progressiveProjectTestcases.TestingArea -->
